<?xml version="1.0" encoding="UTF-8"?>
<testsuites>
  <testsuite name="Shift8\GravitySAP\Tests\Unit\BrainMonkeyHelperFunctionsTest" file="/home/ck/git/shift8-projects/shift8.local/wp-content/plugins/shift8-gravitysap/tests/unit/BrainMonkeyHelperFunctionsTest.php" tests="12" assertions="0" errors="12" warnings="0" failures="0" skipped="0" time="0.067787">
    <testcase name="test_sanitize_all_password_variations" class="Shift8\GravitySAP\Tests\Unit\BrainMonkeyHelperFunctionsTest" classname="Shift8.GravitySAP.Tests.Unit.BrainMonkeyHelperFunctionsTest" file="/home/ck/git/shift8-projects/shift8.local/wp-content/plugins/shift8-gravitysap/tests/unit/BrainMonkeyHelperFunctionsTest.php" line="254" assertions="0" time="0.065072">
      <error type="Error">Shift8\GravitySAP\Tests\Unit\BrainMonkeyHelperFunctionsTest::test_sanitize_all_password_variations
Error: Call to undefined function Shift8\GravitySAP\Tests\Unit\Brain\Monkey\setUp()

/home/ck/git/shift8-projects/shift8.local/wp-content/plugins/shift8-gravitysap/tests/unit/BrainMonkeyHelperFunctionsTest.php:23</error>
    </testcase>
    <testcase name="test_password_encryption_unicode" class="Shift8\GravitySAP\Tests\Unit\BrainMonkeyHelperFunctionsTest" classname="Shift8.GravitySAP.Tests.Unit.BrainMonkeyHelperFunctionsTest" file="/home/ck/git/shift8-projects/shift8.local/wp-content/plugins/shift8-gravitysap/tests/unit/BrainMonkeyHelperFunctionsTest.php" line="240" assertions="0" time="0.000301">
      <error type="Error">Shift8\GravitySAP\Tests\Unit\BrainMonkeyHelperFunctionsTest::test_password_encryption_unicode
Error: Call to undefined function Shift8\GravitySAP\Tests\Unit\Brain\Monkey\setUp()

/home/ck/git/shift8-projects/shift8.local/wp-content/plugins/shift8-gravitysap/tests/unit/BrainMonkeyHelperFunctionsTest.php:23</error>
    </testcase>
    <testcase name="test_sanitize_log_data_non_array" class="Shift8\GravitySAP\Tests\Unit\BrainMonkeyHelperFunctionsTest" classname="Shift8.GravitySAP.Tests.Unit.BrainMonkeyHelperFunctionsTest" file="/home/ck/git/shift8-projects/shift8.local/wp-content/plugins/shift8-gravitysap/tests/unit/BrainMonkeyHelperFunctionsTest.php" line="188" assertions="0" time="0.000248">
      <error type="Error">Shift8\GravitySAP\Tests\Unit\BrainMonkeyHelperFunctionsTest::test_sanitize_log_data_non_array
Error: Call to undefined function Shift8\GravitySAP\Tests\Unit\Brain\Monkey\setUp()

/home/ck/git/shift8-projects/shift8.local/wp-content/plugins/shift8-gravitysap/tests/unit/BrainMonkeyHelperFunctionsTest.php:23</error>
    </testcase>
    <testcase name="test_sanitize_all_username_variations" class="Shift8\GravitySAP\Tests\Unit\BrainMonkeyHelperFunctionsTest" classname="Shift8.GravitySAP.Tests.Unit.BrainMonkeyHelperFunctionsTest" file="/home/ck/git/shift8-projects/shift8.local/wp-content/plugins/shift8-gravitysap/tests/unit/BrainMonkeyHelperFunctionsTest.php" line="274" assertions="0" time="0.000230">
      <error type="Error">Shift8\GravitySAP\Tests\Unit\BrainMonkeyHelperFunctionsTest::test_sanitize_all_username_variations
Error: Call to undefined function Shift8\GravitySAP\Tests\Unit\Brain\Monkey\setUp()

/home/ck/git/shift8-projects/shift8.local/wp-content/plugins/shift8-gravitysap/tests/unit/BrainMonkeyHelperFunctionsTest.php:23</error>
    </testcase>
    <testcase name="test_password_encryption_special_chars" class="Shift8\GravitySAP\Tests\Unit\BrainMonkeyHelperFunctionsTest" classname="Shift8.GravitySAP.Tests.Unit.BrainMonkeyHelperFunctionsTest" file="/home/ck/git/shift8-projects/shift8.local/wp-content/plugins/shift8-gravitysap/tests/unit/BrainMonkeyHelperFunctionsTest.php" line="226" assertions="0" time="0.000211">
      <error type="Error">Shift8\GravitySAP\Tests\Unit\BrainMonkeyHelperFunctionsTest::test_password_encryption_special_chars
Error: Call to undefined function Shift8\GravitySAP\Tests\Unit\Brain\Monkey\setUp()

/home/ck/git/shift8-projects/shift8.local/wp-content/plugins/shift8-gravitysap/tests/unit/BrainMonkeyHelperFunctionsTest.php:23</error>
    </testcase>
    <testcase name="test_password_encryption_empty" class="Shift8\GravitySAP\Tests\Unit\BrainMonkeyHelperFunctionsTest" classname="Shift8.GravitySAP.Tests.Unit.BrainMonkeyHelperFunctionsTest" file="/home/ck/git/shift8-projects/shift8.local/wp-content/plugins/shift8-gravitysap/tests/unit/BrainMonkeyHelperFunctionsTest.php" line="60" assertions="0" time="0.000208">
      <error type="Error">Shift8\GravitySAP\Tests\Unit\BrainMonkeyHelperFunctionsTest::test_password_encryption_empty
Error: Call to undefined function Shift8\GravitySAP\Tests\Unit\Brain\Monkey\setUp()

/home/ck/git/shift8-projects/shift8.local/wp-content/plugins/shift8-gravitysap/tests/unit/BrainMonkeyHelperFunctionsTest.php:23</error>
    </testcase>
    <testcase name="test_password_encryption_decryption" class="Shift8\GravitySAP\Tests\Unit\BrainMonkeyHelperFunctionsTest" classname="Shift8.GravitySAP.Tests.Unit.BrainMonkeyHelperFunctionsTest" file="/home/ck/git/shift8-projects/shift8.local/wp-content/plugins/shift8-gravitysap/tests/unit/BrainMonkeyHelperFunctionsTest.php" line="41" assertions="0" time="0.000211">
      <error type="Error">Shift8\GravitySAP\Tests\Unit\BrainMonkeyHelperFunctionsTest::test_password_encryption_decryption
Error: Call to undefined function Shift8\GravitySAP\Tests\Unit\Brain\Monkey\setUp()

/home/ck/git/shift8-projects/shift8.local/wp-content/plugins/shift8-gravitysap/tests/unit/BrainMonkeyHelperFunctionsTest.php:23</error>
    </testcase>
    <testcase name="test_debug_logging_disabled" class="Shift8\GravitySAP\Tests\Unit\BrainMonkeyHelperFunctionsTest" classname="Shift8.GravitySAP.Tests.Unit.BrainMonkeyHelperFunctionsTest" file="/home/ck/git/shift8-projects/shift8.local/wp-content/plugins/shift8-gravitysap/tests/unit/BrainMonkeyHelperFunctionsTest.php" line="71" assertions="0" time="0.000207">
      <error type="Error">Shift8\GravitySAP\Tests\Unit\BrainMonkeyHelperFunctionsTest::test_debug_logging_disabled
Error: Call to undefined function Shift8\GravitySAP\Tests\Unit\Brain\Monkey\setUp()

/home/ck/git/shift8-projects/shift8.local/wp-content/plugins/shift8-gravitysap/tests/unit/BrainMonkeyHelperFunctionsTest.php:23</error>
    </testcase>
    <testcase name="test_debug_logging_debug_check" class="Shift8\GravitySAP\Tests\Unit\BrainMonkeyHelperFunctionsTest" classname="Shift8.GravitySAP.Tests.Unit.BrainMonkeyHelperFunctionsTest" file="/home/ck/git/shift8-projects/shift8.local/wp-content/plugins/shift8-gravitysap/tests/unit/BrainMonkeyHelperFunctionsTest.php" line="201" assertions="0" time="0.000205">
      <error type="Error">Shift8\GravitySAP\Tests\Unit\BrainMonkeyHelperFunctionsTest::test_debug_logging_debug_check
Error: Call to undefined function Shift8\GravitySAP\Tests\Unit\Brain\Monkey\setUp()

/home/ck/git/shift8-projects/shift8.local/wp-content/plugins/shift8-gravitysap/tests/unit/BrainMonkeyHelperFunctionsTest.php:23</error>
    </testcase>
    <testcase name="test_sanitize_log_data_passwords" class="Shift8\GravitySAP\Tests\Unit\BrainMonkeyHelperFunctionsTest" classname="Shift8.GravitySAP.Tests.Unit.BrainMonkeyHelperFunctionsTest" file="/home/ck/git/shift8-projects/shift8.local/wp-content/plugins/shift8-gravitysap/tests/unit/BrainMonkeyHelperFunctionsTest.php" line="143" assertions="0" time="0.000309">
      <error type="Error">Shift8\GravitySAP\Tests\Unit\BrainMonkeyHelperFunctionsTest::test_sanitize_log_data_passwords
Error: Call to undefined function Shift8\GravitySAP\Tests\Unit\Brain\Monkey\setUp()

/home/ck/git/shift8-projects/shift8.local/wp-content/plugins/shift8-gravitysap/tests/unit/BrainMonkeyHelperFunctionsTest.php:23</error>
    </testcase>
    <testcase name="test_debug_logging_enabled" class="Shift8\GravitySAP\Tests\Unit\BrainMonkeyHelperFunctionsTest" classname="Shift8.GravitySAP.Tests.Unit.BrainMonkeyHelperFunctionsTest" file="/home/ck/git/shift8-projects/shift8.local/wp-content/plugins/shift8-gravitysap/tests/unit/BrainMonkeyHelperFunctionsTest.php" line="87" assertions="0" time="0.000368">
      <error type="Error">Shift8\GravitySAP\Tests\Unit\BrainMonkeyHelperFunctionsTest::test_debug_logging_enabled
Error: Call to undefined function Shift8\GravitySAP\Tests\Unit\Brain\Monkey\setUp()

/home/ck/git/shift8-projects/shift8.local/wp-content/plugins/shift8-gravitysap/tests/unit/BrainMonkeyHelperFunctionsTest.php:23</error>
    </testcase>
    <testcase name="test_sanitize_log_data_short_username" class="Shift8\GravitySAP\Tests\Unit\BrainMonkeyHelperFunctionsTest" classname="Shift8.GravitySAP.Tests.Unit.BrainMonkeyHelperFunctionsTest" file="/home/ck/git/shift8-projects/shift8.local/wp-content/plugins/shift8-gravitysap/tests/unit/BrainMonkeyHelperFunctionsTest.php" line="173" assertions="0" time="0.000217">
      <error type="Error">Shift8\GravitySAP\Tests\Unit\BrainMonkeyHelperFunctionsTest::test_sanitize_log_data_short_username
Error: Call to undefined function Shift8\GravitySAP\Tests\Unit\Brain\Monkey\setUp()

/home/ck/git/shift8-projects/shift8.local/wp-content/plugins/shift8-gravitysap/tests/unit/BrainMonkeyHelperFunctionsTest.php:23</error>
    </testcase>
  </testsuite>
</testsuites>
